
The following files have been resolved:
   org.springframework.hateoas:spring-hateoas:jar:0.25.1.RELEASE:compile
   com.fasterxml.jackson.datatype:jackson-datatype-jdk8:jar:2.9.8:compile
   com.fasterxml.jackson.module:jackson-module-parameter-names:jar:2.9.8:compile
   org.springframework.boot:spring-boot-devtools:jar:2.1.4.RELEASE:runtime
   org.springframework.boot:spring-boot-starter-mail:jar:2.0.1.RELEASE:compile
   javax.xml.bind:jaxb-api:jar:2.3.1:compile
   org.springframework:spring-context-support:jar:5.1.7.RELEASE:compile
   com.fasterxml.jackson.core:jackson-databind:jar:2.9.8:compile
   org.apache.logging.log4j:log4j-api:jar:2.11.2:compile
   javax.validation:validation-api:jar:2.0.1.Final:compile
   org.slf4j:slf4j-api:jar:1.7.26:compile
   org.springframework:spring-expression:jar:5.1.6.RELEASE:compile
   ch.qos.logback:logback-classic:jar:1.2.3:compile
   javax.annotation:javax.annotation-api:jar:1.3.2:compile
   org.jboss.logging:jboss-logging:jar:3.3.2.Final:compile
   org.springframework:spring-aop:jar:5.1.6.RELEASE:compile
   org.springframework.boot:spring-boot:jar:2.1.4.RELEASE:compile
   com.fasterxml.jackson.core:jackson-annotations:jar:2.9.0:compile
   org.springframework.boot:spring-boot-starter-logging:jar:2.1.4.RELEASE:compile
   javax.activation:javax.activation-api:jar:1.2.0:compile
   org.apache.logging.log4j:log4j-to-slf4j:jar:2.11.2:compile
   javax.xml.soap:javax.xml.soap-api:jar:1.4.0:compile
   org.jvnet.staxex:stax-ex:jar:1.8:compile
   org.springframework.boot:spring-boot-starter-web-services:jar:2.1.4.RELEASE:compile
   org.springframework:spring-jcl:jar:5.1.6.RELEASE:compile
   org.springframework.data:spring-data-commons:jar:2.1.6.RELEASE:compile
   com.fasterxml.jackson.core:jackson-core:jar:2.9.8:compile
   org.springframework.boot:spring-boot-starter-web:jar:2.1.4.RELEASE:compile
   org.springframework.boot:spring-boot-autoconfigure:jar:2.1.4.RELEASE:compile
   org.slf4j:jul-to-slf4j:jar:1.7.26:compile
   org.springframework:spring-oxm:jar:5.1.6.RELEASE:compile
   commons-io:commons-io:jar:2.5:compile
   com.sun.xml.messaging.saaj:saaj-impl:jar:1.5.0:compile
   org.springframework.data:spring-data-rest-webmvc:jar:3.1.6.RELEASE:compile
   org.apache.tomcat.embed:tomcat-embed-websocket:jar:9.0.17:compile
   com.fasterxml:classmate:jar:1.4.0:compile
   org.springframework:spring-context:jar:5.1.6.RELEASE:compile
   javax.activation:activation:jar:1.1:compile
   org.springframework:spring-webmvc:jar:5.1.6.RELEASE:compile
   ch.qos.logback:logback-core:jar:1.2.3:compile
   javax.xml.ws:jaxws-api:jar:2.3.1:compile
   com.sun.mail:javax.mail:jar:1.6.2:compile
   org.springframework:spring-tx:jar:5.1.6.RELEASE:compile
   com.fasterxml.jackson.datatype:jackson-datatype-jsr310:jar:2.9.8:compile
   org.springframework.data:spring-data-rest-core:jar:3.1.6.RELEASE:compile
   org.atteo:evo-inflector:jar:1.2.2:compile
   org.hibernate.validator:hibernate-validator:jar:6.0.16.Final:compile
   org.springframework.ws:spring-ws-core:jar:3.0.7.RELEASE:compile
   org.springframework.boot:spring-boot-starter:jar:2.1.4.RELEASE:compile
   org.springframework.boot:spring-boot-starter-data-rest:jar:2.1.4.RELEASE:compile
   org.springframework:spring-core:jar:5.1.6.RELEASE:compile
   org.springframework.plugin:spring-plugin-core:jar:1.2.0.RELEASE:compile
   org.springframework.boot:spring-boot-starter-json:jar:2.1.4.RELEASE:compile
   org.jvnet.mimepull:mimepull:jar:1.9.11:compile
   org.apache.tomcat.embed:tomcat-embed-core:jar:9.0.17:compile
   org.yaml:snakeyaml:jar:1.23:runtime
   org.springframework.boot:spring-boot-starter-tomcat:jar:2.1.4.RELEASE:compile
   org.apache.tomcat.embed:tomcat-embed-el:jar:9.0.17:compile
   org.springframework:spring-beans:jar:5.1.6.RELEASE:compile
   org.springframework:spring-web:jar:5.1.6.RELEASE:compile
   org.springframework.ws:spring-xml:jar:3.0.7.RELEASE:compile
   org.springframework.session:spring-session-core:jar:2.1.5.RELEASE:compile

